
   INFO  Processing jobs from the [default] queue.  

  2025-02-22 19:59:48 Filament\Notifications\DatabaseNotification .............................................................................................................................. RUNNING
  2025-02-22 19:59:48 Filament\Notifications\DatabaseNotification ......................................................................................................................... 49.54ms DONE
  2025-02-22 19:59:48 Filament\Notifications\DatabaseNotification .............................................................................................................................. RUNNING
  2025-02-22 19:59:48 Filament\Notifications\DatabaseNotification .......................................................................................................................... 8.20ms DONE
  2025-02-22 20:04:44 Filament\Notifications\DatabaseNotification .............................................................................................................................. RUNNING
  2025-02-22 20:04:44 Filament\Notifications\DatabaseNotification ......................................................................................................................... 79.96ms DONE
  2025-02-22 20:04:44 Filament\Notifications\DatabaseNotification .............................................................................................................................. RUNNING
  2025-02-22 20:04:44 Filament\Notifications\DatabaseNotification ......................................................................................................................... 27.06ms DONE
  2025-02-22 20:04:56 Filament\Notifications\DatabaseNotification .............................................................................................................................. RUNNING
  2025-02-22 20:04:56 Filament\Notifications\DatabaseNotification ......................................................................................................................... 16.20ms DONE
  2025-02-22 20:04:56 Filament\Notifications\DatabaseNotification .............................................................................................................................. RUNNING
  2025-02-22 20:04:56 Filament\Notifications\DatabaseNotification ......................................................................................................................... 11.89ms DONE

   Illuminate\Database\QueryException 

  SQLSTATE[42S02]: Base table or view not found: 1146 Table 'hauling_coal.cache' doesn't exist (Connection: mysql, SQL: select * from `cache` where `key` in (illuminate:queue:restart))

  at vendor/laravel/framework/src/Illuminate/Database/Connection.php:825
    821▕                     $this->getName(), $query, $this->prepareBindings($bindings), $e
    822▕                 );
    823▕             }
    824▕ 
  ➜ 825▕             throw new QueryException(
    826▕                 $this->getName(), $query, $this->prepareBindings($bindings), $e
    827▕             );
    828▕         }
    829▕     }

      [2m+31 vendor frames [22m

  32  artisan:13
      Illuminate\Foundation\Application::handleCommand(Object(Symfony\Component\Console\Input\ArgvInput))

